<?xml version="1.0" encoding="UTF-8"?>
<!-- Generated by org.testng.reporters.JUnitReportReporter -->
<testsuite hostname="DESKTOP-V1T6O8H" failures="0" tests="1" name="maven_ajio.NewTest" time="0.000" errors="0" timestamp="2022-09-25T01:04:15 IST" skipped="1">
  <testcase classname="maven_ajio.NewTest" name="f" time="0.000">
    <skipped/>
  </testcase> <!-- f -->
  <system-out/>
</testsuite> <!-- maven_ajio.NewTest -->
