<?xml version="1.0" encoding="UTF-8"?>
<!-- Generated by org.testng.reporters.JUnitReportReporter -->
<testsuite hostname="DESKTOP-V1T6O8H" failures="0" tests="1" name="ajio.TestNGajio" time="0.011" errors="0" timestamp="2022-09-18T14:34:49 IST" skipped="0">
  <testcase classname="ajio.TestNGajio" name="test" time="0.011"/>
  <system-out/>
</testsuite> <!-- ajio.TestNGajio -->
